Line 77: Class XtremeSuiteControls.PushButton of control PushButton1 was not a loaded control class.
Line 107: Class XtremeSuiteControls.PushButton of control PushButton4 was not a loaded control class.
Line 136: Class XtremeSuiteControls.PushButton of control PushButton3 was not a loaded control class.
Line 166: Class XtremeSuiteControls.PushButton of control PushButton2 was not a loaded control class.
Line 196: Class XtremeSuiteControls.PushButton of control PushButton9 was not a loaded control class.
Line 258: Class XtremeSuiteControls.TabControl of control TabControl1 was not a loaded control class.
Line 312: Class XtremeCommandBars.ImageManager of control ImageManager was not a loaded control class.
Line 321: Class XtremeCommandBars.CommandBars of control CommandBars was not a loaded control class.
Line 84: The property name _Version in PushButton1 is invalid.
Line 85: The property name _ExtentX in PushButton1 is invalid.
Line 86: The property name _ExtentY in PushButton1 is invalid.
Line 87: The property name _StockProps in PushButton1 is invalid.
Line 88: The property name Caption in PushButton1 is invalid.
Line 100: The property name FlatStyle in PushButton1 is invalid.
Line 102: The property name DrawFocusRect in PushButton1 is invalid.
Line 103: The property name TextImageRelation in PushButton1 is invalid.
Line 104: The property name IconWidth in PushButton1 is invalid.
Line 105: The property name Icon in PushButton1 is invalid.
Line 77: Property Appearance in PushButton1 could not be set.
Line 113: The property name _Version in PushButton4 is invalid.
Line 114: The property name _ExtentX in PushButton4 is invalid.
Line 115: The property name _ExtentY in PushButton4 is invalid.
Line 116: The property name _StockProps in PushButton4 is invalid.
Line 117: The property name Caption in PushButton4 is invalid.
Line 129: The property name FlatStyle in PushButton4 is invalid.
Line 131: The property name DrawFocusRect in PushButton4 is invalid.
Line 132: The property name TextImageRelation in PushButton4 is invalid.
Line 133: The property name IconWidth in PushButton4 is invalid.
Line 134: The property name Icon in PushButton4 is invalid.
Line 107: Property Appearance in PushButton4 could not be set.
Line 143: The property name _Version in PushButton3 is invalid.
Line 144: The property name _ExtentX in PushButton3 is invalid.
Line 145: The property name _ExtentY in PushButton3 is invalid.
Line 146: The property name _StockProps in PushButton3 is invalid.
Line 147: The property name Caption in PushButton3 is invalid.
Line 159: The property name FlatStyle in PushButton3 is invalid.
Line 161: The property name DrawFocusRect in PushButton3 is invalid.
Line 162: The property name TextImageRelation in PushButton3 is invalid.
Line 163: The property name IconWidth in PushButton3 is invalid.
Line 164: The property name Icon in PushButton3 is invalid.
Line 136: Property Appearance in PushButton3 could not be set.
Line 173: The property name _Version in PushButton2 is invalid.
Line 174: The property name _ExtentX in PushButton2 is invalid.
Line 175: The property name _ExtentY in PushButton2 is invalid.
Line 176: The property name _StockProps in PushButton2 is invalid.
Line 177: The property name Caption in PushButton2 is invalid.
Line 189: The property name FlatStyle in PushButton2 is invalid.
Line 191: The property name DrawFocusRect in PushButton2 is invalid.
Line 192: The property name TextImageRelation in PushButton2 is invalid.
Line 193: The property name IconWidth in PushButton2 is invalid.
Line 194: The property name Icon in PushButton2 is invalid.
Line 166: Property Appearance in PushButton2 could not be set.
Line 203: The property name _Version in PushButton9 is invalid.
Line 204: The property name _ExtentX in PushButton9 is invalid.
Line 205: The property name _ExtentY in PushButton9 is invalid.
Line 206: The property name _StockProps in PushButton9 is invalid.
Line 209: The property name Transparent in PushButton9 is invalid.
Line 210: The property name FlatStyle in PushButton9 is invalid.
Line 212: The property name BorderGap in PushButton9 is invalid.
Line 213: The property name IconWidth in PushButton9 is invalid.
Line 214: The property name Icon in PushButton9 is invalid.
Line 196: Property Appearance in PushButton9 could not be set.
Line 264: The property name _Version in TabControl1 is invalid.
Line 265: The property name _ExtentX in TabControl1 is invalid.
Line 266: The property name _ExtentY in TabControl1 is invalid.
Line 267: The property name _StockProps in TabControl1 is invalid.
Line 278: The property name Color in TabControl1 is invalid.
Line 279: The property name PaintManager.BoldSelected in TabControl1 is invalid.
Line 280: The property name PaintManager.ShowIcons in TabControl1 is invalid.
Line 281: The property name PaintManager.LargeIcons in TabControl1 is invalid.
Line 282: The property name ItemCount in TabControl1 is invalid.
Line 283: The property name SelectedItem in TabControl1 is invalid.
Line 284: The property name Item(0).Caption in TabControl1 is invalid.
Line 285: The property name Item(0).ControlCount in TabControl1 is invalid.
Line 286: The property name Item(1).Caption in TabControl1 is invalid.
Line 287: The property name Item(1).ControlCount in TabControl1 is invalid.
Line 288: The property name Item(2).Caption in TabControl1 is invalid.
Line 289: The property name Item(2).ControlCount in TabControl1 is invalid.
Line 290: The property name Item(3).Caption in TabControl1 is invalid.
Line 291: The property name Item(3).ControlCount in TabControl1 is invalid.
Line 292: The property name Item(4).Caption in TabControl1 is invalid.
Line 293: The property name Item(4).ControlCount in TabControl1 is invalid.
Line 294: The property name Item(5).Caption in TabControl1 is invalid.
Line 295: The property name Item(5).ControlCount in TabControl1 is invalid.
Line 296: The property name Item(6).Caption in TabControl1 is invalid.
Line 297: The property name Item(6).ControlCount in TabControl1 is invalid.
Line 298: The property name Item(7).Caption in TabControl1 is invalid.
Line 299: The property name Item(7).ControlCount in TabControl1 is invalid.
Line 300: The property name Item(8).Caption in TabControl1 is invalid.
Line 301: The property name Item(8).ControlCount in TabControl1 is invalid.
Line 258: Property Appearance in TabControl1 could not be set.
Line 315: The property name _Version in ImageManager is invalid.
Line 316: The property name _ExtentX in ImageManager is invalid.
Line 317: The property name _ExtentY in ImageManager is invalid.
Line 318: The property name _StockProps in ImageManager is invalid.
Line 319: The property name Icons in ImageManager is invalid.
Line 324: The property name _Version in CommandBars is invalid.
Line 325: The property name _ExtentX in CommandBars is invalid.
Line 326: The property name _ExtentY in CommandBars is invalid.
Line 327: The property name _StockProps in CommandBars is invalid.
Line 328: The property name VisualTheme in CommandBars is invalid.
Line 329: The property name DesignerControls in CommandBars is invalid.
Line 330: The property name DesignerControlsData in CommandBars is invalid.
