Line 63: Class XtremeSuiteControls.PushButton of control PushButton9 was not a loaded control class.
Line 128: Class XtremeSuiteControls.PushButton of control PushButton8 was not a loaded control class.
Line 166: Class XtremeSuiteControls.PushButton of control PushButton7 was not a loaded control class.
Line 196: Class XtremeSuiteControls.PushButton of control PushButton6 was not a loaded control class.
Line 226: Class XtremeSuiteControls.PushButton of control PushButton5 was not a loaded control class.
Line 299: Class TabDlg.SSTab of control SSTab2 was not a loaded control class.
Line 332: Class XtremeSuiteControls.PushButton of control PushButton1 was not a loaded control class.
Line 362: Class XtremeSuiteControls.PushButton of control PushButton4 was not a loaded control class.
Line 391: Class XtremeSuiteControls.PushButton of control PushButton3 was not a loaded control class.
Line 421: Class XtremeSuiteControls.PushButton of control PushButton2 was not a loaded control class.
Line 451: Class TabDlg.SSTab of control SSTab1 was not a loaded control class.
Line 867: Class MSComDlg.CommonDialog of control CommonDialog1 was not a loaded control class.
Line 874: Class XtremeSkinFramework.SkinFramework of control SkinFramework1 was not a loaded control class.
Line 1031: Class XtremeCommandBars.ImageManager of control ImageManager was not a loaded control class.
Line 1040: Class XtremeCommandBars.CommandBars of control CommandBars was not a loaded control class.
Line 70: The property name _Version in PushButton9 is invalid.
Line 71: The property name _ExtentX in PushButton9 is invalid.
Line 72: The property name _ExtentY in PushButton9 is invalid.
Line 73: The property name _StockProps in PushButton9 is invalid.
Line 75: The property name FlatStyle in PushButton9 is invalid.
Line 77: The property name IconWidth in PushButton9 is invalid.
Line 78: The property name Icon in PushButton9 is invalid.
Line 63: Property Appearance in PushButton9 could not be set.
Line 135: The property name _Version in PushButton8 is invalid.
Line 136: The property name _ExtentX in PushButton8 is invalid.
Line 137: The property name _ExtentY in PushButton8 is invalid.
Line 138: The property name _StockProps in PushButton8 is invalid.
Line 140: The property name FlatStyle in PushButton8 is invalid.
Line 141: The property name UseVisualStyle in PushButton8 is invalid.
Line 143: The property name IconWidth in PushButton8 is invalid.
Line 144: The property name Icon in PushButton8 is invalid.
Line 128: Property Appearance in PushButton8 could not be set.
Line 174: The property name _Version in PushButton7 is invalid.
Line 175: The property name _ExtentX in PushButton7 is invalid.
Line 176: The property name _ExtentY in PushButton7 is invalid.
Line 177: The property name _StockProps in PushButton7 is invalid.
Line 178: The property name Caption in PushButton7 is invalid.
Line 190: The property name FlatStyle in PushButton7 is invalid.
Line 192: The property name TextImageRelation in PushButton7 is invalid.
Line 193: The property name IconWidth in PushButton7 is invalid.
Line 194: The property name Icon in PushButton7 is invalid.
Line 166: Property Appearance in PushButton7 could not be set.
Line 204: The property name _Version in PushButton6 is invalid.
Line 205: The property name _ExtentX in PushButton6 is invalid.
Line 206: The property name _ExtentY in PushButton6 is invalid.
Line 207: The property name _StockProps in PushButton6 is invalid.
Line 208: The property name Caption in PushButton6 is invalid.
Line 220: The property name FlatStyle in PushButton6 is invalid.
Line 222: The property name TextImageRelation in PushButton6 is invalid.
Line 223: The property name IconWidth in PushButton6 is invalid.
Line 224: The property name Icon in PushButton6 is invalid.
Line 196: Property Appearance in PushButton6 could not be set.
Line 234: The property name _Version in PushButton5 is invalid.
Line 235: The property name _ExtentX in PushButton5 is invalid.
Line 236: The property name _ExtentY in PushButton5 is invalid.
Line 237: The property name _StockProps in PushButton5 is invalid.
Line 238: The property name Caption in PushButton5 is invalid.
Line 250: The property name FlatStyle in PushButton5 is invalid.
Line 252: The property name TextImageRelation in PushButton5 is invalid.
Line 253: The property name IconWidth in PushButton5 is invalid.
Line 254: The property name Icon in PushButton5 is invalid.
Line 226: Property Appearance in PushButton5 could not be set.
Line 306: The property name _ExtentX in SSTab2 is invalid.
Line 307: The property name _ExtentY in SSTab2 is invalid.
Line 308: The property name _Version in SSTab2 is invalid.
Line 309: The property name Tabs in SSTab2 is invalid.
Line 310: The property name Tab in SSTab2 is invalid.
Line 311: The property name TabsPerRow in SSTab2 is invalid.
Line 312: The property name TabHeight in SSTab2 is invalid.
Line 323: The property name TabCaption(0) in SSTab2 is invalid.
Line 324: The property name TabPicture(0) in SSTab2 is invalid.
Line 325: The property name Tab(0).ControlEnabled in SSTab2 is invalid.
Line 326: The property name Tab(0).ControlCount in SSTab2 is invalid.
Line 327: The property name TabCaption(1) in SSTab2 is invalid.
Line 328: The property name TabPicture(1) in SSTab2 is invalid.
Line 329: The property name Tab(1).ControlEnabled in SSTab2 is invalid.
Line 330: The property name Tab(1).ControlCount in SSTab2 is invalid.
Line 339: The property name _Version in PushButton1 is invalid.
Line 340: The property name _ExtentX in PushButton1 is invalid.
Line 341: The property name _ExtentY in PushButton1 is invalid.
Line 342: The property name _StockProps in PushButton1 is invalid.
Line 343: The property name Caption in PushButton1 is invalid.
Line 355: The property name FlatStyle in PushButton1 is invalid.
Line 357: The property name DrawFocusRect in PushButton1 is invalid.
Line 358: The property name TextImageRelation in PushButton1 is invalid.
Line 359: The property name IconWidth in PushButton1 is invalid.
Line 360: The property name Icon in PushButton1 is invalid.
Line 332: Property Appearance in PushButton1 could not be set.
Line 368: The property name _Version in PushButton4 is invalid.
Line 369: The property name _ExtentX in PushButton4 is invalid.
Line 370: The property name _ExtentY in PushButton4 is invalid.
Line 371: The property name _StockProps in PushButton4 is invalid.
Line 372: The property name Caption in PushButton4 is invalid.
Line 384: The property name FlatStyle in PushButton4 is invalid.
Line 386: The property name DrawFocusRect in PushButton4 is invalid.
Line 387: The property name TextImageRelation in PushButton4 is invalid.
Line 388: The property name IconWidth in PushButton4 is invalid.
Line 389: The property name Icon in PushButton4 is invalid.
Line 362: Property Appearance in PushButton4 could not be set.
Line 398: The property name _Version in PushButton3 is invalid.
Line 399: The property name _ExtentX in PushButton3 is invalid.
Line 400: The property name _ExtentY in PushButton3 is invalid.
Line 401: The property name _StockProps in PushButton3 is invalid.
Line 402: The property name Caption in PushButton3 is invalid.
Line 414: The property name FlatStyle in PushButton3 is invalid.
Line 416: The property name DrawFocusRect in PushButton3 is invalid.
Line 417: The property name TextImageRelation in PushButton3 is invalid.
Line 418: The property name IconWidth in PushButton3 is invalid.
Line 419: The property name Icon in PushButton3 is invalid.
Line 391: Property Appearance in PushButton3 could not be set.
Line 428: The property name _Version in PushButton2 is invalid.
Line 429: The property name _ExtentX in PushButton2 is invalid.
Line 430: The property name _ExtentY in PushButton2 is invalid.
Line 431: The property name _StockProps in PushButton2 is invalid.
Line 432: The property name Caption in PushButton2 is invalid.
Line 444: The property name FlatStyle in PushButton2 is invalid.
Line 446: The property name DrawFocusRect in PushButton2 is invalid.
Line 447: The property name TextImageRelation in PushButton2 is invalid.
Line 448: The property name IconWidth in PushButton2 is invalid.
Line 449: The property name Icon in PushButton2 is invalid.
Line 421: Property Appearance in PushButton2 could not be set.
Line 457: The property name _ExtentX in SSTab1 is invalid.
Line 458: The property name _ExtentY in SSTab1 is invalid.
Line 459: The property name _Version in SSTab1 is invalid.
Line 460: The property name Style in SSTab1 is invalid.
Line 461: The property name Tabs in SSTab1 is invalid.
Line 462: The property name Tab in SSTab1 is invalid.
Line 463: The property name TabsPerRow in SSTab1 is invalid.
Line 464: The property name TabHeight in SSTab1 is invalid.
Line 465: The property name TabMaxWidth in SSTab1 is invalid.
Line 476: The property name TabCaption(0) in SSTab1 is invalid.
Line 477: The property name TabPicture(0) in SSTab1 is invalid.
Line 478: The property name Tab(0).ControlEnabled in SSTab1 is invalid.
Line 479: The property name Tab(0).Control(0) in SSTab1 is invalid.
Line 480: The property name Tab(0).Control(1) in SSTab1 is invalid.
Line 481: The property name Tab(0).Control(2) in SSTab1 is invalid.
Line 482: The property name Tab(0).Control(3) in SSTab1 is invalid.
Line 483: The property name Tab(0).ControlCount in SSTab1 is invalid.
Line 484: The property name TabCaption(1) in SSTab1 is invalid.
Line 485: The property name TabPicture(1) in SSTab1 is invalid.
Line 486: The property name Tab(1).ControlEnabled in SSTab1 is invalid.
Line 487: The property name Tab(1).Control(0) in SSTab1 is invalid.
Line 488: The property name Tab(1).Control(1) in SSTab1 is invalid.
Line 489: The property name Tab(1).Control(2) in SSTab1 is invalid.
Line 490: The property name Tab(1).Control(3) in SSTab1 is invalid.
Line 491: The property name Tab(1).Control(4) in SSTab1 is invalid.
Line 492: The property name Tab(1).Control(5) in SSTab1 is invalid.
Line 493: The property name Tab(1).Control(6) in SSTab1 is invalid.
Line 494: The property name Tab(1).Control(7) in SSTab1 is invalid.
Line 495: The property name Tab(1).Control(8) in SSTab1 is invalid.
Line 496: The property name Tab(1).ControlCount in SSTab1 is invalid.
Line 497: The property name TabCaption(2) in SSTab1 is invalid.
Line 498: The property name TabPicture(2) in SSTab1 is invalid.
Line 499: The property name Tab(2).ControlEnabled in SSTab1 is invalid.
Line 500: The property name Tab(2).Control(0) in SSTab1 is invalid.
Line 501: The property name Tab(2).Control(0).Enabled in SSTab1 is invalid.
Line 502: The property name Tab(2).Control(1) in SSTab1 is invalid.
Line 503: The property name Tab(2).Control(1).Enabled in SSTab1 is invalid.
Line 504: The property name Tab(2).Control(2) in SSTab1 is invalid.
Line 505: The property name Tab(2).Control(2).Enabled in SSTab1 is invalid.
Line 506: The property name Tab(2).Control(3) in SSTab1 is invalid.
Line 507: The property name Tab(2).Control(3).Enabled in SSTab1 is invalid.
Line 508: The property name Tab(2).Control(4) in SSTab1 is invalid.
Line 509: The property name Tab(2).Control(4).Enabled in SSTab1 is invalid.
Line 510: The property name Tab(2).Control(5) in SSTab1 is invalid.
Line 511: The property name Tab(2).Control(5).Enabled in SSTab1 is invalid.
Line 512: The property name Tab(2).Control(6) in SSTab1 is invalid.
Line 513: The property name Tab(2).Control(6).Enabled in SSTab1 is invalid.
Line 514: The property name Tab(2).Control(7) in SSTab1 is invalid.
Line 515: The property name Tab(2).Control(7).Enabled in SSTab1 is invalid.
Line 516: The property name Tab(2).Control(8) in SSTab1 is invalid.
Line 517: The property name Tab(2).Control(8).Enabled in SSTab1 is invalid.
Line 518: The property name Tab(2).ControlCount in SSTab1 is invalid.
Line 519: The property name TabCaption(3) in SSTab1 is invalid.
Line 520: The property name TabPicture(3) in SSTab1 is invalid.
Line 521: The property name Tab(3).ControlEnabled in SSTab1 is invalid.
Line 522: The property name Tab(3).Control(0) in SSTab1 is invalid.
Line 523: The property name Tab(3).Control(1) in SSTab1 is invalid.
Line 524: The property name Tab(3).ControlCount in SSTab1 is invalid.
Line 525: The property name TabCaption(4) in SSTab1 is invalid.
Line 526: The property name TabPicture(4) in SSTab1 is invalid.
Line 527: The property name Tab(4).ControlEnabled in SSTab1 is invalid.
Line 528: The property name Tab(4).Control(0) in SSTab1 is invalid.
Line 529: The property name Tab(4).Control(1) in SSTab1 is invalid.
Line 530: The property name Tab(4).ControlCount in SSTab1 is invalid.
Line 531: The property name TabCaption(5) in SSTab1 is invalid.
Line 532: The property name TabPicture(5) in SSTab1 is invalid.
Line 533: The property name Tab(5).ControlEnabled in SSTab1 is invalid.
Line 534: The property name Tab(5).ControlCount in SSTab1 is invalid.
Line 535: The property name TabCaption(6) in SSTab1 is invalid.
Line 536: The property name TabPicture(6) in SSTab1 is invalid.
Line 537: The property name Tab(6).ControlEnabled in SSTab1 is invalid.
Line 538: The property name Tab(6).ControlCount in SSTab1 is invalid.
Line 539: The property name TabCaption(7) in SSTab1 is invalid.
Line 540: The property name TabPicture(7) in SSTab1 is invalid.
Line 541: The property name Tab(7).ControlEnabled in SSTab1 is invalid.
Line 542: The property name Tab(7).ControlCount in SSTab1 is invalid.
Line 543: The property name TabCaption(8) in SSTab1 is invalid.
Line 544: The property name TabPicture(8) in SSTab1 is invalid.
Line 545: The property name Tab(8).ControlEnabled in SSTab1 is invalid.
Line 546: The property name Tab(8).ControlCount in SSTab1 is invalid.
Line 870: The property name _ExtentX in CommonDialog1 is invalid.
Line 871: The property name _ExtentY in CommonDialog1 is invalid.
Line 872: The property name _Version in CommonDialog1 is invalid.
Line 877: The property name _Version in SkinFramework1 is invalid.
Line 878: The property name _ExtentX in SkinFramework1 is invalid.
Line 879: The property name _ExtentY in SkinFramework1 is invalid.
Line 880: The property name _StockProps in SkinFramework1 is invalid.
Line 1034: The property name _Version in ImageManager is invalid.
Line 1035: The property name _ExtentX in ImageManager is invalid.
Line 1036: The property name _ExtentY in ImageManager is invalid.
Line 1037: The property name _StockProps in ImageManager is invalid.
Line 1038: The property name Icons in ImageManager is invalid.
Line 1043: The property name _Version in CommandBars is invalid.
Line 1044: The property name _ExtentX in CommandBars is invalid.
Line 1045: The property name _ExtentY in CommandBars is invalid.
Line 1046: The property name _StockProps in CommandBars is invalid.
Line 1047: The property name VisualTheme in CommandBars is invalid.
Line 1048: The property name DesignerControls in CommandBars is invalid.
Line 1049: The property name DesignerControlsData in CommandBars is invalid.
